<?xml version="1.0" encoding="UTF-8"?>
<!-- Generated by org.testng.reporters.JUnitXMLReporter -->
<testsuite ignored="2" hostname="DESKTOP-4SGPUQ6" failures="1" tests="2" name="Test" time="14.677" errors="0" timestamp="2024-05-30T10:05:43 GMT-05:00">
  <testcase classname="testCases.TC_001_Registartion" name="CreateAccount" time="13.223"/>
  <testcase classname="testCases.TC_002_OpenNewAccount" name="NewAccount" time="0.727">
    <failure type="java.lang.NullPointerException" message="Cannot invoke &amp;quot;org.apache.logging.log4j.Logger.info(String)&amp;quot; because &amp;quot;this.logger&amp;quot; is null">
      <![CDATA[java.lang.NullPointerException: Cannot invoke "org.apache.logging.log4j.Logger.info(String)" because "this.logger" is null
at testCases.TC_002_OpenNewAccount.NewAccount(TC_002_OpenNewAccount.java:15)
at java.base/java.util.ArrayList.forEach(ArrayList.java:1596)
... Removed 25 stack frames]]>
    </failure>
  </testcase> <!-- NewAccount -->
  <testcase classname="testBase.BaseClass" name="@AfterSuite close" time="0.0">
    <ignored/>
  </testcase> <!-- @AfterSuite close -->
  <testcase classname="testBase.BaseClass" name="@BeforeSuite setup" time="0.0">
    <ignored/>
  </testcase> <!-- @BeforeSuite setup -->
</testsuite> <!-- Test -->
